<?xml version="1.0" encoding="UTF-8"?>
<!-- Generated by org.testng.reporters.JUnitXMLReporter -->
<testsuite ignored="0" hostname="DESKTOP-NPK11H1" failures="0" tests="3" name="Default test" time="4.043" errors="0" timestamp="2022-11-23T00:33:19 GMT">
  <testcase classname="testng.Test_s$firsttest" name="print_out" time="0.004"/>
  <testcase classname="testng.Test_s$firsttest" name="sore_item__high_to_low" time="0.185"/>
  <testcase classname="testng.Test_s$firsttest" name="sore_item_low_to_high" time="0.148"/>
</testsuite> <!-- Default test -->
