<?xml version="1.0" encoding="UTF-8"?>
<testng-results ignored="0" total="3" passed="3" failed="0" skipped="0">
  <reporter-output>
  </reporter-output>
  <suite started-at="2022-11-23T00:33:15 GMT" name="Default suite" finished-at="2022-11-23T00:33:19 GMT" duration-ms="4043">
    <groups>
      <group name="titel">
        <method signature="Test_s$firsttest.sore_item__high_to_low()[pri:0, instance:testng.Test_s$firsttest@ffaa6af]" name="sore_item__high_to_low" class="testng.Test_s$firsttest"/>
        <method signature="Test_s$firsttest.sore_item_low_to_high()[pri:0, instance:testng.Test_s$firsttest@ffaa6af]" name="sore_item_low_to_high" class="testng.Test_s$firsttest"/>
      </group> <!-- titel -->
      <group name="print">
        <method signature="Test_s$firsttest.print_out()[pri:0, instance:testng.Test_s$firsttest@ffaa6af]" name="print_out" class="testng.Test_s$firsttest"/>
      </group> <!-- print -->
    </groups>
    <test started-at="2022-11-23T00:33:15 GMT" name="Default test" finished-at="2022-11-23T00:33:19 GMT" duration-ms="4043">
      <class name="testng.Test_s$firsttest">
        <test-method is-config="true" signature="login()[pri:0, instance:testng.Test_s$firsttest@ffaa6af]" started-at="2022-11-23T00:33:15 GMT" name="login" finished-at="2022-11-23T00:33:19 GMT" duration-ms="3674" status="PASS">
          <reporter-output>
          </reporter-output>
        </test-method> <!-- login -->
        <test-method signature="print_out()[pri:0, instance:testng.Test_s$firsttest@ffaa6af]" started-at="2022-11-23T00:33:19 GMT" name="print_out" finished-at="2022-11-23T00:33:19 GMT" duration-ms="4" status="PASS">
          <reporter-output>
          </reporter-output>
        </test-method> <!-- print_out -->
        <test-method signature="sore_item__high_to_low()[pri:0, instance:testng.Test_s$firsttest@ffaa6af]" started-at="2022-11-23T00:33:19 GMT" name="sore_item__high_to_low" finished-at="2022-11-23T00:33:19 GMT" duration-ms="185" status="PASS">
          <reporter-output>
          </reporter-output>
        </test-method> <!-- sore_item__high_to_low -->
        <test-method signature="sore_item_low_to_high()[pri:0, instance:testng.Test_s$firsttest@ffaa6af]" started-at="2022-11-23T00:33:19 GMT" name="sore_item_low_to_high" finished-at="2022-11-23T00:33:19 GMT" duration-ms="148" status="PASS">
          <reporter-output>
          </reporter-output>
        </test-method> <!-- sore_item_low_to_high -->
      </class> <!-- testng.Test_s$firsttest -->
    </test> <!-- Default test -->
  </suite> <!-- Default suite -->
</testng-results>
